<?xml version="1.0" encoding="UTF-8"?>
<!-- Generated by org.testng.reporters.JUnitReportReporter -->
<testsuite hostname="DESKTOP-0N88LAP" failures="0" tests="3" name="com.qa.selenium.testscripts.TC_AmazonSeachTest_001" time="19.968" errors="0" timestamp="2021-01-29T22:50:24 IST" skipped="0">
  <testcase classname="com.qa.selenium.testscripts.TC_AmazonSeachTest_001" name="searchItem" time="4.106"/>
  <system-out/>
  <testcase classname="com.qa.selenium.testscripts.TC_AmazonSeachTest_001" name="searchItem" time="9.138"/>
  <system-out/>
  <testcase classname="com.qa.selenium.testscripts.TC_AmazonSeachTest_001" name="searchItem" time="6.724"/>
  <system-out/>
</testsuite> <!-- com.qa.selenium.testscripts.TC_AmazonSeachTest_001 -->
