<?xml version="1.0" encoding="UTF-8"?>
<!-- Generated by org.testng.reporters.JUnitReportReporter -->
<testsuite skipped="0" hostname="DESKTOP-0N88LAP" name="com.qa.selenium.testscripts.TC_AmazonSeachTest_001" tests="3" failures="0" timestamp="2021-01-29T23:11:20 IST" time="24.690" errors="0">
  <testcase name="searchItem" time="5.304" classname="com.qa.selenium.testscripts.TC_AmazonSeachTest_001"/>
  <system-out/>
  <testcase name="searchItem" time="7.644" classname="com.qa.selenium.testscripts.TC_AmazonSeachTest_001"/>
  <system-out/>
  <testcase name="searchItem" time="11.742" classname="com.qa.selenium.testscripts.TC_AmazonSeachTest_001"/>
  <system-out/>
</testsuite> <!-- com.qa.selenium.testscripts.TC_AmazonSeachTest_001 -->
